build/app/intermediates/manifest_merge_blame_file/release/manifest-merger-blame-release-report.txt
1<?xml version="1.0" encoding="utf-8"?>
2<manifest xmlns:android="http://schemas.android.com/apk/res/android"
3    package="com.example.ecommerce_app"
4    android:versionCode="1"
5    android:versionName="1.0.0" >
6
7    <uses-sdk
8        android:minSdkVersion="21"
8-->src\main\AndroidManifest.xml
9        android:targetSdkVersion="33" />
9-->src\main\AndroidManifest.xml
10
11    <permission
11-->[androidx.core:core:1.12.0] AndroidManifest.xml:22:5-24:47
12        android:name="com.example.ecommerce_app.DYNAMIC_RECEIVER_NOT_EXPORTED_PERMISSION"
12-->[androidx.core:core:1.12.0] AndroidManifest.xml:23:9-81
13        android:protectionLevel="signature" />
13-->[androidx.core:core:1.12.0] AndroidManifest.xml:24:9-44
14
15    <uses-permission android:name="com.example.ecommerce_app.DYNAMIC_RECEIVER_NOT_EXPORTED_PERMISSION" />
15-->[androidx.core:core:1.12.0] AndroidManifest.xml:26:5-97
15-->[androidx.core:core:1.12.0] AndroidManifest.xml:26:22-94
16
17    <application
18        android:name="android.app.Application"
18-->src\main\AndroidManifest.xml:4:9-42
19        android:appComponentFactory="androidx.core.app.CoreComponentFactory"
19-->[androidx.core:core:1.12.0] AndroidManifest.xml:28:18-86
20        android:icon="@mipmap/ic_launcher"
20-->src\main\AndroidManifest.xml:5:9-43
21        android:label="ecommerceapp" >
21-->src\main\AndroidManifest.xml:3:9-37
22        <activity
22-->src\main\AndroidManifest.xml:6:9-26:20
23            android:name="com.example.ecommerce_app.MainActivity"
23-->src\main\AndroidManifest.xml:7:13-41
24            android:configChanges="orientation|keyboardHidden|keyboard|screenSize|smallestScreenSize|locale|layoutDirection|fontScale|screenLayout|density|uiMode"
24-->src\main\AndroidManifest.xml:11:13-163
25            android:exported="true"
25-->src\main\AndroidManifest.xml:8:13-36
26            android:hardwareAccelerated="true"
26-->src\main\AndroidManifest.xml:12:13-47
27            android:launchMode="singleTop"
27-->src\main\AndroidManifest.xml:9:13-43
28            android:theme="@style/LaunchTheme"
28-->src\main\AndroidManifest.xml:10:13-47
29            android:windowSoftInputMode="adjustResize" >
29-->src\main\AndroidManifest.xml:13:13-55
30
31            <!--
32                 Specifies an Android theme to apply to this Activity as soon as
33                 the Android process has started. This theme is visible to the user
34                 while the Flutter UI initializes. After that, this theme continues
35                 to determine the Window background behind the Flutter UI.
36            -->
37            <meta-data
37-->src\main\AndroidManifest.xml:18:13-21:17
38                android:name="io.flutter.embedding.android.NormalTheme"
38-->src\main\AndroidManifest.xml:19:15-70
39                android:resource="@style/NormalTheme" />
39-->src\main\AndroidManifest.xml:20:15-52
40
41            <intent-filter>
41-->src\main\AndroidManifest.xml:22:13-25:29
42                <action android:name="android.intent.action.MAIN" />
42-->src\main\AndroidManifest.xml:23:17-68
42-->src\main\AndroidManifest.xml:23:25-66
43
44                <category android:name="android.intent.category.LAUNCHER" />
44-->src\main\AndroidManifest.xml:24:17-76
44-->src\main\AndroidManifest.xml:24:27-74
45            </intent-filter>
46        </activity>
47        <!--
48             Don't delete the meta-data below.
49             This is used by the Flutter tool to generate GeneratedPluginRegistrant.java
50        -->
51        <meta-data
51-->src\main\AndroidManifest.xml:29:9-31:33
52            android:name="flutterEmbedding"
52-->src\main\AndroidManifest.xml:30:13-44
53            android:value="2" />
53-->src\main\AndroidManifest.xml:31:13-30
54        <!--
55           Declares a provider which allows us to store files to share in
56           '.../caches/share_plus' and grant the receiving action access
57        -->
58        <provider
58-->[:share_plus] AndroidManifest.xml:15:9-23:20
59            android:name="dev.fluttercommunity.plus.share.ShareFileProvider"
59-->[:share_plus] AndroidManifest.xml:16:13-77
60            android:authorities="com.example.ecommerce_app.flutter.share_provider"
60-->[:share_plus] AndroidManifest.xml:17:13-74
61            android:exported="false"
61-->[:share_plus] AndroidManifest.xml:18:13-37
62            android:grantUriPermissions="true" >
62-->[:share_plus] AndroidManifest.xml:19:13-47
63            <meta-data
63-->[:share_plus] AndroidManifest.xml:20:13-22:68
64                android:name="android.support.FILE_PROVIDER_PATHS"
64-->[:share_plus] AndroidManifest.xml:21:17-67
65                android:resource="@xml/flutter_share_file_paths" />
65-->[:share_plus] AndroidManifest.xml:22:17-65
66        </provider>
67        <!--
68           This manifest declared broadcast receiver allows us to use an explicit
69           Intent when creating a PendingItent to be informed of the user's choice
70        -->
71        <receiver
71-->[:share_plus] AndroidManifest.xml:28:9-34:20
72            android:name="dev.fluttercommunity.plus.share.SharePlusPendingIntent"
72-->[:share_plus] AndroidManifest.xml:29:13-82
73            android:exported="false" >
73-->[:share_plus] AndroidManifest.xml:30:13-37
74            <intent-filter>
74-->[:share_plus] AndroidManifest.xml:31:13-33:29
75                <action android:name="EXTRA_CHOSEN_COMPONENT" />
75-->[:share_plus] AndroidManifest.xml:32:17-65
75-->[:share_plus] AndroidManifest.xml:32:25-62
76            </intent-filter>
77        </receiver>
78
79        <uses-library
79-->[androidx.window:window:1.0.0-beta04] AndroidManifest.xml:25:9-27:40
80            android:name="androidx.window.extensions"
80-->[androidx.window:window:1.0.0-beta04] AndroidManifest.xml:26:13-54
81            android:required="false" />
81-->[androidx.window:window:1.0.0-beta04] AndroidManifest.xml:27:13-37
82        <uses-library
82-->[androidx.window:window:1.0.0-beta04] AndroidManifest.xml:28:9-30:40
83            android:name="androidx.window.sidecar"
83-->[androidx.window:window:1.0.0-beta04] AndroidManifest.xml:29:13-51
84            android:required="false" />
84-->[androidx.window:window:1.0.0-beta04] AndroidManifest.xml:30:13-37
85    </application>
86
87</manifest>